\BOOKMARK [0][-]{Abstract.0}{Abstract}{}% 1
\BOOKMARK [0][-]{Contents.0}{Contents}{}% 2
\BOOKMARK [0][-]{Dedication.0}{Dedication}{}% 3
\BOOKMARK [0][-]{chapter.1}{Introduction}{}% 4
\BOOKMARK [0][-]{chapter.2}{HeartSteps}{}% 5
\BOOKMARK [1][-]{section.2.1}{Randomized\040Choices:\040HeartSteps\040v1}{chapter.2}% 6
\BOOKMARK [1][-]{section.2.2}{The\040Power\040of\040Learning:\040HeartSteps\040v2}{chapter.2}% 7
\BOOKMARK [0][-]{chapter.3}{Contextual\040Multi-armed\040Bandits}{}% 8
\BOOKMARK [1][-]{section.3.1}{Contextual\040Bandits\040and\040Thompson\040Sampling}{chapter.3}% 9
\BOOKMARK [1][-]{section.3.2}{Application\040Survey\040of\040Contextual\040Bandits}{chapter.3}% 10
\BOOKMARK [0][-]{chapter.4}{Models\040and\040Algorithms}{}% 11
\BOOKMARK [1][-]{section.4.1}{Replayer:\040True\040Reward\040Model}{chapter.4}% 12
\BOOKMARK [1][-]{section.4.2}{Bandit\040Reward\040Models}{chapter.4}% 13
\BOOKMARK [1][-]{section.4.3}{Bandit\040Algorithm\040Features}{chapter.4}% 14
\BOOKMARK [1][-]{section.4.4}{Thompson\040Sampling\040Variants}{chapter.4}% 15
\BOOKMARK [1][-]{section.4.5}{Training\040Bandit\040Algorithm\040Tuning\040Parameters}{chapter.4}% 16
\BOOKMARK [0][-]{chapter.5}{Methods\040and\040Experiments}{}% 17
\BOOKMARK [1][-]{section.5.1}{Methodology\040Overview}{chapter.5}% 18
\BOOKMARK [1][-]{section.5.2}{Reward\040Generative\040Model}{chapter.5}% 19
\BOOKMARK [1][-]{section.5.3}{Cross-Validation}{chapter.5}% 20
\BOOKMARK [1][-]{section.5.4}{Residual\040Formation}{chapter.5}% 21
\BOOKMARK [1][-]{section.5.5}{Simulated\040User\040Generation}{chapter.5}% 22
\BOOKMARK [1][-]{section.5.6}{Simulated\040User\040Testing\040and\040Quality\040Metrics}{chapter.5}% 23
\BOOKMARK [0][-]{chapter.6}{Results}{}% 24
\BOOKMARK [1][-]{section.6.1}{Randomized\040Treatment}{chapter.6}% 25
\BOOKMARK [1][-]{section.6.2}{Impact\040of\040Bandit\040Features}{chapter.6}% 26
\BOOKMARK [1][-]{section.6.3}{Impact\040of\040Tuning\040Parameters}{chapter.6}% 27
\BOOKMARK [0][-]{chapter.7}{Conclusion}{}% 28
\BOOKMARK [0][-]{Appendix.1.A}{Appendix\040Additional\040Figures}{}% 29
\BOOKMARK [1][-]{section.1.A.1}{Summary\040Figures}{Appendix.1.A}% 30
\BOOKMARK [1][-]{section.1.A.2}{Quality\040Metric\040Figures}{Appendix.1.A}% 31
\BOOKMARK [1][-]{section.1.A.3}{Parameter\040Tuning\040vs\040MUER\040Figures}{Appendix.1.A}% 32
\BOOKMARK [0][-]{Appendix.1.B}{Appendix\040OLS\040Results\040and\040Coefficients}{}% 33
\BOOKMARK [1][-]{section.1.B.1}{Full\040Model\040OLS\040Results}{Appendix.1.B}% 34
\BOOKMARK [1][-]{section.1.B.2}{Small\040Model\040OLS\040Results}{Appendix.1.B}% 35
\BOOKMARK [0][-]{chapter*.56}{References}{}% 36
